{
  "stats": {
    "suites": 1,
    "tests": 3,
    "passes": 3,
    "pending": 0,
    "failures": 0,
    "start": "2022-12-07T03:26:17.439Z",
    "end": "2022-12-07T03:26:22.585Z",
    "duration": 5146,
    "testsRegistered": 3,
    "passPercent": 100,
    "pendingPercent": 0,
    "other": 0,
    "hasOther": false,
    "skipped": 0,
    "hasSkipped": false
  },
  "results": [
    {
      "uuid": "fe25edcf-66ce-4200-a636-1baa7cc9a3fa",
      "title": "",
      "fullFile": "cypress/e2e/test/negativeTests.cy.js",
      "file": "cypress/e2e/test/negativeTests.cy.js",
      "beforeHooks": [],
      "afterHooks": [],
      "tests": [],
      "suites": [
        {
          "uuid": "8682e0e3-37f9-4e20-8521-a3e193183331",
          "title": "Negative Tests Cases",
          "fullFile": "",
          "file": "",
          "beforeHooks": [],
          "afterHooks": [],
          "tests": [
            {
              "title": "should not complete checkout form with no first name entered",
              "fullTitle": "Negative Tests Cases should not complete checkout form with no first name entered",
              "timedOut": null,
              "duration": 1832,
              "state": "passed",
              "speed": "fast",
              "pass": true,
              "fail": false,
              "pending": false,
              "context": null,
              "code": "_productsPage.default.addToCart();\n_productsPage.default.navToCart();\ncy.get(_cart.default.checkoutBtn).click();\n_cart.default.noFirstName();\ncy.get(_cart.default.errorMsg).should('be.visible').should('have.text', 'Error: First Name is required');",
              "err": {},
              "uuid": "e2aa62c4-ccca-4fc4-8630-f6bde666b3a2",
              "parentUUID": "8682e0e3-37f9-4e20-8521-a3e193183331",
              "isHook": false,
              "skipped": false
            },
            {
              "title": "should not complete checkout form with no last name entered",
              "fullTitle": "Negative Tests Cases should not complete checkout form with no last name entered",
              "timedOut": null,
              "duration": 1614,
              "state": "passed",
              "speed": "fast",
              "pass": true,
              "fail": false,
              "pending": false,
              "context": null,
              "code": "_productsPage.default.addToCart();\n_productsPage.default.navToCart();\ncy.get(_cart.default.checkoutBtn).click();\n_cart.default.noLastName();\ncy.get(_cart.default.errorMsg).should('be.visible').should('have.text', 'Error: Last Name is required');",
              "err": {},
              "uuid": "e3021e8a-fd0b-48af-98e5-1e0b3e66ac43",
              "parentUUID": "8682e0e3-37f9-4e20-8521-a3e193183331",
              "isHook": false,
              "skipped": false
            },
            {
              "title": "should not complete checkout form with no zip code entered",
              "fullTitle": "Negative Tests Cases should not complete checkout form with no zip code entered",
              "timedOut": null,
              "duration": 1650,
              "state": "passed",
              "speed": "fast",
              "pass": true,
              "fail": false,
              "pending": false,
              "context": null,
              "code": "_productsPage.default.addToCart();\n_productsPage.default.navToCart();\ncy.get(_cart.default.checkoutBtn).click();\n_cart.default.noZipCode();\ncy.get(_cart.default.errorMsg).should('be.visible').should('have.text', 'Error: Postal Code is required');",
              "err": {},
              "uuid": "434ac9a1-0b63-45f3-9ee9-4136a2c570aa",
              "parentUUID": "8682e0e3-37f9-4e20-8521-a3e193183331",
              "isHook": false,
              "skipped": false
            }
          ],
          "suites": [],
          "passes": [
            "e2aa62c4-ccca-4fc4-8630-f6bde666b3a2",
            "e3021e8a-fd0b-48af-98e5-1e0b3e66ac43",
            "434ac9a1-0b63-45f3-9ee9-4136a2c570aa"
          ],
          "failures": [],
          "pending": [],
          "skipped": [],
          "duration": 5096,
          "root": false,
          "rootEmpty": false,
          "_timeout": 2000
        }
      ],
      "passes": [],
      "failures": [],
      "pending": [],
      "skipped": [],
      "duration": 0,
      "root": true,
      "rootEmpty": true,
      "_timeout": 2000
    }
  ],
  "meta": {
    "mocha": {
      "version": "7.0.1"
    },
    "mochawesome": {
      "options": {
        "quiet": false,
        "reportFilename": "mochawesome",
        "saveHtml": false,
        "saveJson": true,
        "consoleReporter": "spec",
        "useInlineDiffs": false,
        "code": true
      },
      "version": "7.1.3"
    },
    "marge": {
      "options": {
        "reportDir": "cypress/reports",
        "overwrite": false,
        "html": false,
        "json": true
      },
      "version": "6.2.0"
    }
  }
}