{
  "stats": {
    "suites": 1,
    "tests": 2,
    "passes": 2,
    "pending": 0,
    "failures": 0,
    "start": "2022-12-07T03:26:27.773Z",
    "end": "2022-12-07T03:26:30.055Z",
    "duration": 2282,
    "testsRegistered": 2,
    "passPercent": 100,
    "pendingPercent": 0,
    "other": 0,
    "hasOther": false,
    "skipped": 0,
    "hasSkipped": false
  },
  "results": [
    {
      "uuid": "fb631dbf-4fa3-4209-96bf-d55881231e46",
      "title": "",
      "fullFile": "cypress/e2e/test/removeItem.cy.js",
      "file": "cypress/e2e/test/removeItem.cy.js",
      "beforeHooks": [],
      "afterHooks": [],
      "tests": [],
      "suites": [
        {
          "uuid": "3a3776cf-5993-4ea4-9654-00010939bfc3",
          "title": "Remove Items",
          "fullFile": "",
          "file": "",
          "beforeHooks": [],
          "afterHooks": [],
          "tests": [
            {
              "title": "should remove item from product list page",
              "fullTitle": "Remove Items should remove item from product list page",
              "timedOut": null,
              "duration": 1169,
              "state": "passed",
              "speed": "fast",
              "pass": true,
              "fail": false,
              "pending": false,
              "context": null,
              "code": "_productsPage.default.addToCart();\ncy.get(_productsPage.default.cartBadge).should('be.visible').should('have.text', '1');\ncy.get(_productsPage.default.removeBtn).should('be.visible');\n_productsPage.default.removeFromCart();\ncy.get(_productsPage.default.removeBtn).should('not.exist');\ncy.get(_productsPage.default.cartBadge).should('not.exist');\ncy.get(_productsPage.default.onsesieItem).should('have.text', \"Add to cart\");",
              "err": {},
              "uuid": "42b833ab-7128-45f8-93bd-64823cc7d314",
              "parentUUID": "3a3776cf-5993-4ea4-9654-00010939bfc3",
              "isHook": false,
              "skipped": false
            },
            {
              "title": "should remove item from cart",
              "fullTitle": "Remove Items should remove item from cart",
              "timedOut": null,
              "duration": 1080,
              "state": "passed",
              "speed": "fast",
              "pass": true,
              "fail": false,
              "pending": false,
              "context": null,
              "code": "_productsPage.default.addToCart();\n_productsPage.default.navToCart();\n_productsPage.default.removeFromCart();\ncy.get(_productsPage.default.removeBtn).should('not.exist');\ncy.contains('Sauce Labs Onesie').should('not.exist');\ncy.get(_productsPage.default.cartBadge).should('not.exist');",
              "err": {},
              "uuid": "df3c0a88-40a0-4d84-80c1-e3e087c8a19b",
              "parentUUID": "3a3776cf-5993-4ea4-9654-00010939bfc3",
              "isHook": false,
              "skipped": false
            }
          ],
          "suites": [],
          "passes": [
            "42b833ab-7128-45f8-93bd-64823cc7d314",
            "df3c0a88-40a0-4d84-80c1-e3e087c8a19b"
          ],
          "failures": [],
          "pending": [],
          "skipped": [],
          "duration": 2249,
          "root": false,
          "rootEmpty": false,
          "_timeout": 2000
        }
      ],
      "passes": [],
      "failures": [],
      "pending": [],
      "skipped": [],
      "duration": 0,
      "root": true,
      "rootEmpty": true,
      "_timeout": 2000
    }
  ],
  "meta": {
    "mocha": {
      "version": "7.0.1"
    },
    "mochawesome": {
      "options": {
        "quiet": false,
        "reportFilename": "mochawesome",
        "saveHtml": false,
        "saveJson": true,
        "consoleReporter": "spec",
        "useInlineDiffs": false,
        "code": true
      },
      "version": "7.1.3"
    },
    "marge": {
      "options": {
        "reportDir": "cypress/reports",
        "overwrite": false,
        "html": false,
        "json": true
      },
      "version": "6.2.0"
    }
  }
}